<?xml version="1.0" encoding="UTF-8"?>
<persistence xmlns="http://xmlns.jcp.org/xml/ns/persistence" version="2.1">
	<persistence-unit name="persistence-demo-test" transaction-type="RESOURCE_LOCAL">
		<non-jta-data-source>myDS</non-jta-data-source>
		<class>com.ines.demo.model.Help</class>
		<class>com.ines.demo.model.HelpPK</class>
	</persistence-unit>
</persistence>
